#
# There is insufficient memory for the Java Runtime Environment to continue.
# Native memory allocation (mmap) failed to map 134217728 bytes for G1 virtual space
# Possible reasons:
#   The system is out of physical RAM or swap space
#   The process is running with CompressedOops enabled, and the Java Heap may be blocking the growth of the native heap
# Possible solutions:
#   Reduce memory load on the system
#   Increase physical memory or swap space
#   Check if swap backing store is full
#   Decrease Java heap size (-Xmx/-Xms)
#   Decrease number of Java threads
#   Decrease Java thread stack sizes (-Xss)
#   Set larger code cache with -XX:ReservedCodeCacheSize=
#   JVM is running with Unscaled Compressed Oops mode in which the Java heap is
#     placed in the first 4GB address space. The Java Heap base address is the
#     maximum limit for the native heap growth. Please use -XX:HeapBaseMinAddress
#     to set the Java Heap base and to place the Java Heap above 4GB virtual address.
# This output file may be truncated or incomplete.
#
#  Out of Memory Error (./open/src/hotspot/os/windows/os_windows.cpp:3321), pid=2536, tid=18352
#
# JRE version:  (15.0.2+7) (build )
# Java VM: Java HotSpot(TM) 64-Bit Server VM (15.0.2+7-27, mixed mode, sharing, tiered, compressed oops, g1 gc, windows-amd64)
# No core dump will be written. Minidumps are not enabled by default on client versions of Windows
#

---------------  S U M M A R Y ------------

Command Line: -Dfile.encoding=Cp1252 -XX:+ShowCodeDetailsInExceptionMessages seleniumInteractions.UploadFiles

Host: Intel(R) Core(TM) i3-2100 CPU @ 3.10GHz, 4 cores, 7G,  Windows 10 , 64 bit Build 19041 (10.0.19041.928)
Time: Fri May 14 00:47:37 2021 India Standard Time elapsed time: 0.051128 seconds (0d 0h 0m 0s)

---------------  T H R E A D  ---------------

Current thread (0x000002809953ab10):  JavaThread "Unknown thread" [_thread_in_vm, id=18352, stack(0x000000a158c00000,0x000000a158d00000)]

Stack: [0x000000a158c00000,0x000000a158d00000]
Native frames: (J=compiled Java code, j=interpreted, Vv=VM code, C=native code)
V  [jvm.dll+0x62ae9a]
V  [jvm.dll+0x7817a9]
V  [jvm.dll+0x782f03]
V  [jvm.dll+0x783563]
V  [jvm.dll+0x216325]
V  [jvm.dll+0x6281d9]
V  [jvm.dll+0x61cf55]
V  [jvm.dll+0x2cffdd]
V  [jvm.dll+0x2cfe42]
V  [jvm.dll+0x2d5e1c]
V  [jvm.dll+0x32590a]
V  [jvm.dll+0x324fd4]
V  [jvm.dll+0x2a6f5a]
V  [jvm.dll+0x2a80f8]
V  [jvm.dll+0x75e241]
V  [jvm.dll+0x3341c4]
V  [jvm.dll+0x73e926]
V  [jvm.dll+0x3b7557]
V  [jvm.dll+0x3b8fe1]
C  [jli.dll+0x52fb]
C  [ucrtbase.dll+0x21bb2]
C  [KERNEL32.DLL+0x17034]
C  [ntdll.dll+0x52651]


---------------  P R O C E S S  ---------------

Threads class SMR info:
_java_thread_list=0x00007ffbee874ff0, length=0, elements={
}

Java Threads: ( => current thread )

Other Threads:
  0x000002809957ab80 GCTaskThread "GC Thread#0" [stack: 0x000000a158d00000,0x000000a158e00000] [id=3012]
  0x000002809958bb90 ConcurrentGCThread "G1 Main Marker" [stack: 0x000000a158e00000,0x000000a158f00000] [id=16680]
  0x000002809958cfa0 ConcurrentGCThread "G1 Conc#0" [stack: 0x000000a158f00000,0x000000a159000000] [id=6868]

[error occurred during error reporting (printing all threads), id 0xc0000005, EXCEPTION_ACCESS_VIOLATION (0xc0000005) at pc=0x00007ffbee067e27]

VM state: not at safepoint (not fully initialized)

VM Mutex/Monitor currently owned by a thread:  ([mutex/lock_event])
[0x0000028099535a80] Heap_lock - owner thread: 0x000002809953ab10

Heap address: 0x0000000081600000, size: 2026 MB, Compressed Oops mode: 32-bit
CDS archive(s) mapped at: [0x0000000000000000-0x0000000000000000-0x0000000000000000), size 0, SharedBaseAddress: 0x0000000800000000, ArchiveRelocationMode: 0.
Narrow klass base: 0x0000000000000000, Narrow klass shift: 0, Narrow klass range: 0x0

Heap:
 garbage-first heap   total 131072K, used 0K [0x0000000081600000, 0x0000000100000000)
  region size 1024K, 0 young (0K), 0 survivors (0K)
 Metaspace       used 0K, capacity 0K, committed 0K, reserved 0K
  class space    used 0K, capacity 0K, committed 0K, reserved 0K

Heap Regions: E=young(eden), S=young(survivor), O=old, HS=humongous(starts), HC=humongous(continues), CS=collection set, F=free, OA=open archive, CA=closed archive, TAMS=top-at-mark-start (previous, next)

Card table byte_map: [0x00000280b0b70000,0x00000280b0f70000] _byte_map_base: 0x00000280b0765000

Marking Bits (Prev, Next): (CMBitMap*) 0x000002809957b3f0, (CMBitMap*) 0x000002809957b430
 Prev Bits: [0x00000280b1370000, 0x00000280b3318000)
 Next Bits: [0x00000280b3320000, 0x00000280b52c8000)

GC Heap History (0 events):
No events

Deoptimization events (0 events):
No events

Classes unloaded (0 events):
No events

Classes redefined (0 events):
No events

Internal exceptions (0 events):
No events

Events (1 events):
Event: 0.011 Loaded shared library C:\Program Files\Java\jdk-15.0.2\bin\java.dll


Dynamic libraries:
0x00007ff675f40000 - 0x00007ff675f4f000 	C:\Program Files\Java\jdk-15.0.2\bin\javaw.exe
0x00007ffc39330000 - 0x00007ffc39525000 	C:\WINDOWS\SYSTEM32\ntdll.dll
0x00007ffc38370000 - 0x00007ffc3842d000 	C:\WINDOWS\System32\KERNEL32.DLL
0x00007ffc37020000 - 0x00007ffc372e8000 	C:\WINDOWS\System32\KERNELBASE.dll
0x00007ffc36ac0000 - 0x00007ffc36bc0000 	C:\WINDOWS\System32\ucrtbase.dll
0x00007ffc20ac0000 - 0x00007ffc20ad8000 	C:\Program Files\Java\jdk-15.0.2\bin\jli.dll
0x00007ffc37d00000 - 0x00007ffc37dac000 	C:\WINDOWS\System32\ADVAPI32.dll
0x00007ffc387c0000 - 0x00007ffc3885e000 	C:\WINDOWS\System32\msvcrt.dll
0x00007ffc21980000 - 0x00007ffc21999000 	C:\Program Files\Java\jdk-15.0.2\bin\VCRUNTIME140.dll
0x00007ffc37790000 - 0x00007ffc3782b000 	C:\WINDOWS\System32\sechost.dll
0x00007ffc38a50000 - 0x00007ffc38b7b000 	C:\WINDOWS\System32\RPCRT4.dll
0x00007ffc37440000 - 0x00007ffc375e0000 	C:\WINDOWS\System32\USER32.dll
0x00007ffc36bc0000 - 0x00007ffc36be2000 	C:\WINDOWS\System32\win32u.dll
0x00007ffc38430000 - 0x00007ffc3845a000 	C:\WINDOWS\System32\GDI32.dll
0x00007ffc36cd0000 - 0x00007ffc36ddb000 	C:\WINDOWS\System32\gdi32full.dll
0x00007ffc372f0000 - 0x00007ffc3738d000 	C:\WINDOWS\System32\msvcp_win.dll
0x00007ffc1f1c0000 - 0x00007ffc1f45a000 	C:\WINDOWS\WinSxS\amd64_microsoft.windows.common-controls_6595b64144ccf1df_6.0.19041.844_none_ca00b6081b84eb1d\COMCTL32.dll
0x00007ffc2d910000 - 0x00007ffc2d91a000 	C:\WINDOWS\SYSTEM32\VERSION.dll
0x00007ffc37b90000 - 0x00007ffc37bc0000 	C:\WINDOWS\System32\IMM32.DLL
0x00007ffc31d90000 - 0x00007ffc31d9c000 	C:\Program Files\Java\jdk-15.0.2\bin\vcruntime140_1.dll
0x00007ffc0b940000 - 0x00007ffc0b9d1000 	C:\Program Files\Java\jdk-15.0.2\bin\msvcp140.dll
0x00007ffbeddb0000 - 0x00007ffbee90e000 	C:\Program Files\Java\jdk-15.0.2\bin\server\jvm.dll
0x00007ffc37db0000 - 0x00007ffc37db8000 	C:\WINDOWS\System32\PSAPI.DLL
0x00007ffc2cae0000 - 0x00007ffc2cae9000 	C:\WINDOWS\SYSTEM32\WSOCK32.dll
0x00007ffc37c90000 - 0x00007ffc37cfb000 	C:\WINDOWS\System32\WS2_32.dll
0x00007ffc2c990000 - 0x00007ffc2c9b7000 	C:\WINDOWS\SYSTEM32\WINMM.dll
0x00007ffc349d0000 - 0x00007ffc349e2000 	C:\WINDOWS\SYSTEM32\kernel.appcore.dll
0x00007ffc27f50000 - 0x00007ffc27f5a000 	C:\Program Files\Java\jdk-15.0.2\bin\jimage.dll
0x00007ffc28180000 - 0x00007ffc28364000 	C:\WINDOWS\SYSTEM32\DBGHELP.DLL
0x00007ffc28150000 - 0x00007ffc2817c000 	C:\WINDOWS\SYSTEM32\dbgcore.DLL
0x00007ffc36f40000 - 0x00007ffc36fc0000 	C:\WINDOWS\System32\bcryptPrimitives.dll
0x00007ffc0b910000 - 0x00007ffc0b935000 	C:\Program Files\Java\jdk-15.0.2\bin\java.dll

dbghelp: loaded successfully - version: 4.0.5 - missing functions: none
symbol engine: initialized successfully - sym options: 0x614 - pdb path: .;C:\Program Files\Java\jdk-15.0.2\bin;C:\WINDOWS\SYSTEM32;C:\WINDOWS\WinSxS\amd64_microsoft.windows.common-controls_6595b64144ccf1df_6.0.19041.844_none_ca00b6081b84eb1d;C:\Program Files\Java\jdk-15.0.2\bin\server

VM Arguments:
jvm_args: -Dfile.encoding=Cp1252 -XX:+ShowCodeDetailsInExceptionMessages 
java_command: seleniumInteractions.UploadFiles
java_class_path (initial): C:\Users\Bala\eclipse-workspace\Selenium_Basics\target\classes;C:\Users\Bala\.m2\repository\org\seleniumhq\selenium\selenium-java\4.0.0-alpha-6\selenium-java-4.0.0-alpha-6.jar;C:\Users\Bala\.m2\repository\org\seleniumhq\selenium\selenium-api\4.0.0-alpha-6\selenium-api-4.0.0-alpha-6.jar;C:\Users\Bala\.m2\repository\org\seleniumhq\selenium\selenium-chrome-driver\4.0.0-alpha-6\selenium-chrome-driver-4.0.0-alpha-6.jar;C:\Users\Bala\.m2\repository\com\google\auto\service\auto-service-annotations\1.0-rc6\auto-service-annotations-1.0-rc6.jar;C:\Users\Bala\.m2\repository\com\google\auto\service\auto-service\1.0-rc6\auto-service-1.0-rc6.jar;C:\Users\Bala\.m2\repository\com\google\auto\auto-common\0.10\auto-common-0.10.jar;C:\Users\Bala\.m2\repository\com\google\guava\guava\29.0-jre\guava-29.0-jre.jar;C:\Users\Bala\.m2\repository\com\google\guava\failureaccess\1.0.1\failureaccess-1.0.1.jar;C:\Users\Bala\.m2\repository\com\google\guava\listenablefuture\9999.0-empty-to-avoid-conflict-with-guava\listenablefuture-9999.0-empty-to-avoid-conflict-with-guava.jar;C:\Users\Bala\.m2\repository\com\google\code\findbugs\jsr305\3.0.2\jsr305-3.0.2.jar;C:\Users\Bala\.m2\repository\org\checkerframework\checker-qual\2.11.1\checker-qual-2.11.1.jar;C:\Users\Bala\.m2\repository\com\google\errorprone\error_prone_annotations\2.3.4\error_prone_annotations-2.3.4.jar;C:\Users\Bala\.m2\repository\com\google\j2objc\j2objc-annotations\1.3\j2objc-annotations-1.3.jar;C:\Users\Bala\.m2\repository\org\seleniumhq\selenium\selenium-chromium-driver\4.0.0-alpha-6\selenium-chromium-driver-4.0.0-alpha-6.jar;C:\Users\Bala\.m2\repository\org\seleniumhq\selenium\selenium-devtools\4.0.0-alpha-6\selenium-devtools-4.0.0-alpha-6.jar;C:\Users\Bala\.m2\repository\org\seleniumhq\selenium\selenium-http\4.0.0-alpha-6\selenium-http-4.0.0-alpha-6.jar;C:\Users\Bala\.m2\repository\org\seleniumhq\selenium\selenium-json\4.0.0-alpha-6\selenium-json-4.0.0-alpha-6.jar;C:\Users\Bala\.m2\repository\org\selen
Launcher Type: SUN_STANDARD

[Global flags]
     intx CICompilerCount                          = 3                                         {product} {ergonomic}
     uint ConcGCThreads                            = 1                                         {product} {ergonomic}
     uint G1ConcRefinementThreads                  = 4                                         {product} {ergonomic}
   size_t G1HeapRegionSize                         = 1048576                                   {product} {ergonomic}
    uintx GCDrainStackTargetSize                   = 64                                        {product} {ergonomic}
   size_t InitialHeapSize                          = 134217728                                 {product} {ergonomic}
   size_t MarkStackSize                            = 4194304                                   {product} {ergonomic}
   size_t MaxHeapSize                              = 2124414976                                {product} {ergonomic}
   size_t MinHeapDeltaBytes                        = 1048576                                   {product} {ergonomic}
   size_t MinHeapSize                              = 8388608                                   {product} {ergonomic}
    uintx NonNMethodCodeHeapSize                   = 5832780                                {pd product} {ergonomic}
    uintx NonProfiledCodeHeapSize                  = 122912730                              {pd product} {ergonomic}
    uintx ProfiledCodeHeapSize                     = 122912730                              {pd product} {ergonomic}
    uintx ReservedCodeCacheSize                    = 251658240                              {pd product} {ergonomic}
     bool SegmentedCodeCache                       = true                                      {product} {ergonomic}
     bool ShowCodeDetailsInExceptionMessages       = true                                   {manageable} {command line}
   size_t SoftMaxHeapSize                          = 2124414976                             {manageable} {ergonomic}
     bool UseCompressedClassPointers               = true                                 {lp64_product} {ergonomic}
     bool UseCompressedOops                        = true                                 {lp64_product} {ergonomic}
     bool UseG1GC                                  = true                                      {product} {ergonomic}
     bool UseLargePagesIndividualAllocation        = false                                  {pd product} {ergonomic}

Logging:
Log output configuration:
 #0: stdout all=warning uptime,level,tags
 #1: stderr all=off uptime,level,tags

Environment Variables:
PATH=C:\Program Files\Common Files\Oracle\Java\javapath;C:\WINDOWS\system32;C:\WINDOWS;C:\WINDOWS\System32\Wbem;C:\WINDOWS\System32\WindowsPowerShell\v1.0\;C:\WINDOWS\System32\OpenSSH\;C:\Users\Bala\AppData\Local\Microsoft\WindowsApps;
USERNAME=Bala
OS=Windows_NT
PROCESSOR_IDENTIFIER=Intel64 Family 6 Model 42 Stepping 7, GenuineIntel



---------------  S Y S T E M  ---------------

OS:
 Windows 10 , 64 bit Build 19041 (10.0.19041.928)
OS uptime: 0 days 2:22 hours

CPU: total 4 (initial active 4) (2 cores per cpu, 2 threads per core) family 6 model 42 stepping 7 microcode 0x2f, cmov, cx8, fxsr, mmx, sse, sse2, sse3, ssse3, sse4.1, sse4.2, popcnt, vzeroupper, avx, clmul, ht, tsc, tscinvbit, clflush

Memory: 4k page, system-wide physical 8100M (1116M free)
TotalPageFile size 16292M (AvailPageFile size 52M)
current process WorkingSet (physical memory assigned to process): 10M, peak: 10M
current process commit charge ("private bytes"): 51M, peak: 179M

vm_info: Java HotSpot(TM) 64-Bit Server VM (15.0.2+7-27) for windows-amd64 JRE (15.0.2+7-27), built on Dec  7 2020 20:07:01 by "mach5one" with unknown MS VC++:1925

END.
